[2024-06-19T09:53:30.813] [INFO] check - [AQing&KAF]Noob&Pro  地图变更 索姆河=>索姆河 人数不足,跳过换图(Beta Mode 1
[2024-06-19T09:54:00.216] [INFO] check - [AQing&KAF]Noob&Pro  地图变更 索姆河=>索姆河 人数不足,跳过换图(Beta Mode 1
[2024-06-19T09:54:30.220] [INFO] check - [AQing&KAF]Noob&Pro  地图变更 索姆河=>索姆河 人数不足,跳过换图(Beta Mode 1
[2024-06-19T09:55:00.208] [INFO] check - [AQing&KAF]Noob&Pro  地图变更 索姆河=>索姆河 人数不足,跳过换图(Beta Mode 1
[2024-06-19T09:55:30.228] [INFO] check - [AQing&KAF]Noob&Pro  地图变更 索姆河=>索姆河 人数不足,跳过换图(Beta Mode 1
[2024-06-19T09:58:00.894] [INFO] check - [AQing&KAF]Noob&Pro  地图变更 索姆河=>索姆河 人数不足,跳过换图(Check Mode 1
[2024-06-19T11:31:31.533] [INFO] check - [AQing&KAF]Noob&Pro  当前地图 索姆河 人数不足,换图未开启
[2024-06-19T11:32:00.267] [INFO] check - [AQing&KAF]Noob&Pro  当前地图 索姆河 人数不足,换图未开启
[2024-06-19T11:32:30.240] [INFO] check - [AQing&KAF]Noob&Pro  当前地图 索姆河 人数不足,换图未开启
[2024-06-19T11:33:00.497] [INFO] check - [AQing&KAF]Noob&Pro  当前地图 索姆河 人数不足,换图未开启
[2024-06-19T11:46:01.551] [INFO] check - [AQing&KAF]Noob&Pro  当前地图 索姆河 人数不足,换图未开启
[2024-06-19T11:46:30.350] [INFO] check - [AQing&KAF]Noob&Pro  当前地图 苏瓦松 人数不足,换图未开启
[2024-06-19T11:47:00.351] [INFO] check - [AQing&KAF]Noob&Pro  当前地图 苏瓦松 人数不足,换图未开启
[2024-06-19T11:47:30.373] [INFO] check - [AQing&KAF]Noob&Pro  当前地图 苏瓦松 人数不足,换图未开启
[2024-06-19T11:48:00.679] [INFO] check - [AQing&KAF]Noob&Pro  当前地图 苏瓦松 人数不足,换图未开启
[2024-06-19T11:48:31.274] [INFO] check - [AQing&KAF]Noob&Pro  当前地图 苏瓦松 人数不足,换图未开启
[2024-06-19T11:49:02.672] [INFO] check - [AQing&KAF]Noob&Pro  当前地图 苏瓦松 人数不足,换图未开启
[2024-06-19T11:49:30.433] [INFO] check - [AQing&KAF]Noob&Pro  当前地图 苏瓦松 人数不足,换图未开启
[2024-06-19T11:50:00.421] [INFO] check - [AQing&KAF]Noob&Pro  当前地图 索姆河 人数不足,换图未开启
[2024-06-19T11:50:30.426] [INFO] check - [AQing&KAF]Noob&Pro  当前地图 索姆河 人数不足,换图未开启
[2024-06-19T11:51:00.613] [INFO] check - [AQing&KAF]Noob&Pro  当前地图 索姆河 人数不足,换图未开启
[2024-06-19T11:51:30.351] [INFO] check - [AQing&KAF]Noob&Pro  当前地图 索姆河 人数不足,换图未开启
[2024-06-19T11:52:00.452] [INFO] check - [AQing&KAF]Noob&Pro  当前地图 索姆河 人数不足,换图未开启
[2024-06-19T11:52:30.442] [INFO] check - [AQing&KAF]Noob&Pro  当前地图 索姆河 人数不足,换图未开启
[2024-06-19T11:53:00.487] [INFO] check - [AQing&KAF]Noob&Pro  当前地图 索姆河 人数不足,换图未开启
[2024-06-19T11:53:30.807] [INFO] check - [AQing&KAF]Noob&Pro  当前地图 索姆河 人数不足,换图未开启
[2024-06-19T11:54:00.322] [INFO] check - [AQing&KAF]Noob&Pro  当前地图 索姆河 人数不足,换图未开启
[2024-06-19T11:54:30.325] [INFO] check - [AQing&KAF]Noob&Pro  当前地图 索姆河 人数不足,换图未开启
[2024-06-19T11:55:00.330] [INFO] check - [AQing&KAF]Noob&Pro  当前地图 索姆河 人数不足,换图未开启
[2024-06-19T11:55:30.314] [INFO] check - [AQing&KAF]Noob&Pro  当前地图 法乌克斯要塞 人数不足,换图未开启
[2024-06-19T11:56:00.332] [INFO] check - [AQing&KAF]Noob&Pro  当前地图 法乌克斯要塞 人数不足,换图未开启
[2024-06-19T11:56:30.329] [INFO] check - [AQing&KAF]Noob&Pro  当前地图 索姆河 人数不足,换图未开启
[2024-06-19T11:57:00.327] [INFO] check - [AQing&KAF]Noob&Pro  当前地图 法乌克斯要塞 人数不足,换图未开启
[2024-06-19T11:57:31.668] [INFO] check - [AQing&KAF]Noob&Pro  没有玩家
[2024-06-19T11:57:31.670] [INFO] check - [AQing&KAF]Noob&Pro  没有足够的玩家游戏场次增加，跳过换图
[2024-06-19T11:58:00.636] [INFO] check - [AQing&KAF]Noob&Pro  没有玩家
[2024-06-19T11:58:00.637] [INFO] check - [AQing&KAF]Noob&Pro  没有足够的玩家游戏场次增加，跳过换图
[2024-06-19T11:58:30.639] [INFO] check - [AQing&KAF]Noob&Pro  没有玩家
[2024-06-19T11:58:30.639] [INFO] check - [AQing&KAF]Noob&Pro  没有足够的玩家游戏场次增加，跳过换图
[2024-06-19T11:59:01.564] [INFO] check - [AQing&KAF]Noob&Pro  没有足够的玩家游戏场次增加，跳过换图
[2024-06-19T11:59:30.625] [INFO] check - [AQing&KAF]Noob&Pro  没有足够的玩家游戏场次增加，跳过换图
[2024-06-19T12:00:00.624] [INFO] check - [AQing&KAF]Noob&Pro  没有足够的玩家游戏场次增加，跳过换图
[2024-06-19T12:00:30.641] [INFO] check - [AQing&KAF]Noob&Pro  没有足够的玩家游戏场次增加，跳过换图
[2024-06-19T12:01:00.648] [INFO] check - [AQing&KAF]Noob&Pro  没有足够的玩家游戏场次增加，跳过换图
[2024-06-19T12:01:30.701] [INFO] check - [AQing&KAF]Noob&Pro  没有足够的玩家游戏场次增加，跳过换图
[2024-06-19T12:02:00.640] [INFO] check - [AQing&KAF]Noob&Pro  没有足够的玩家游戏场次增加，跳过换图
[2024-06-19T12:02:30.618] [INFO] check - [AQing&KAF]Noob&Pro  没有足够的玩家游戏场次增加，跳过换图
[2024-06-19T12:03:00.723] [INFO] check - [AQing&KAF]Noob&Pro  没有足够的玩家游戏场次增加，跳过换图
[2024-06-19T12:03:32.329] [INFO] check - [AQing&KAF]Noob&Pro  没有足够的玩家游戏场次增加，跳过换图
[2024-06-19T12:04:01.264] [INFO] check - [AQing&KAF]Noob&Pro  没有足够的玩家游戏场次增加，跳过换图
[2024-06-19T12:04:31.162] [INFO] check - [AQing&KAF]Noob&Pro  没有足够的玩家游戏场次增加，跳过换图
[2024-06-19T12:05:00.895] [INFO] check - [AQing&KAF]Noob&Pro  没有足够的玩家游戏场次增加，跳过换图
[2024-06-19T12:05:30.877] [INFO] check - [AQing&KAF]Noob&Pro  没有足够的玩家游戏场次增加，跳过换图
[2024-06-19T12:06:00.785] [INFO] check - [AQing&KAF]Noob&Pro  没有足够的玩家游戏场次增加，跳过换图
[2024-06-19T12:06:30.978] [INFO] check - [AQing&KAF]Noob&Pro  没有足够的玩家游戏场次增加，跳过换图
[2024-06-19T12:07:00.890] [INFO] check - [AQing&KAF]Noob&Pro  没有足够的玩家游戏场次增加，跳过换图
[2024-06-19T12:07:30.674] [INFO] check - [AQing&KAF]Noob&Pro  没有足够的玩家游戏场次增加，跳过换图
[2024-06-19T12:08:00.642] [INFO] check - [AQing&KAF]Noob&Pro  没有足够的玩家游戏场次增加，跳过换图
[2024-06-19T12:08:30.660] [INFO] check - [AQing&KAF]Noob&Pro  没有足够的玩家游戏场次增加，跳过换图
[2024-06-19T12:09:00.654] [INFO] check - [AQing&KAF]Noob&Pro  没有足够的玩家游戏场次增加，跳过换图
[2024-06-19T12:09:30.649] [INFO] check - [AQing&KAF]Noob&Pro  没有足够的玩家游戏场次增加，跳过换图
[2024-06-19T12:10:00.642] [INFO] check - [AQing&KAF]Noob&Pro  没有足够的玩家游戏场次增加，跳过换图
[2024-06-19T12:10:30.649] [INFO] check - [AQing&KAF]Noob&Pro  没有足够的玩家游戏场次增加，跳过换图
[2024-06-19T12:11:00.634] [INFO] check - [AQing&KAF]Noob&Pro  没有足够的玩家游戏场次增加，跳过换图
[2024-06-19T12:11:30.625] [INFO] check - [AQing&KAF]Noob&Pro  没有足够的玩家游戏场次增加，跳过换图
[2024-06-19T12:12:00.729] [INFO] check - [AQing&KAF]Noob&Pro  没有足够的玩家游戏场次增加，跳过换图
[2024-06-19T12:12:30.653] [INFO] check - [AQing&KAF]Noob&Pro  没有足够的玩家游戏场次增加，跳过换图
[2024-06-19T12:13:00.618] [INFO] check - [AQing&KAF]Noob&Pro  没有足够的玩家游戏场次增加，跳过换图
[2024-06-19T12:13:30.670] [INFO] check - [AQing&KAF]Noob&Pro  没有足够的玩家游戏场次增加，跳过换图
[2024-06-19T12:14:00.641] [INFO] check - [AQing&KAF]Noob&Pro  没有足够的玩家游戏场次增加，跳过换图
[2024-06-19T12:14:30.644] [INFO] check - [AQing&KAF]Noob&Pro  没有足够的玩家游戏场次增加，跳过换图
[2024-06-19T12:15:00.617] [INFO] check - [AQing&KAF]Noob&Pro  没有足够的玩家游戏场次增加，跳过换图
[2024-06-19T12:15:30.628] [INFO] check - [AQing&KAF]Noob&Pro  没有足够的玩家游戏场次增加，跳过换图
[2024-06-19T12:16:00.647] [INFO] check - [AQing&KAF]Noob&Pro  没有足够的玩家游戏场次增加，跳过换图
[2024-06-19T12:16:30.624] [INFO] check - [AQing&KAF]Noob&Pro  没有足够的玩家游戏场次增加，跳过换图
[2024-06-19T12:17:00.664] [INFO] check - [AQing&KAF]Noob&Pro  没有足够的玩家游戏场次增加，跳过换图
[2024-06-19T12:17:30.684] [INFO] check - [AQing&KAF]Noob&Pro  没有足够的玩家游戏场次增加，跳过换图
[2024-06-19T12:18:00.797] [INFO] check - [AQing&KAF]Noob&Pro  没有足够的玩家游戏场次增加，跳过换图
[2024-06-19T12:18:30.676] [INFO] check - [AQing&KAF]Noob&Pro  没有足够的玩家游戏场次增加，跳过换图
